08.12.2014 11:47:36 [0] INFO TER Debut du tick : 202
08.12.2014 11:47:36 [0] INFO TER Fin du tick: 202
08.12.2014 11:47:36 [0] INFO TER Debut du tick : 203
08.12.2014 11:47:36 [0] INFO TER Fin du tick: 203
08.12.2014 11:47:36 [0] INFO TER Debut du tick : 204
08.12.2014 11:47:36 [0] INFO TER Fin du tick: 204
08.12.2014 11:47:36 [0] INFO TER Debut du tick : 205
08.12.2014 11:47:36 [0] INFO TER Fin du tick: 205
08.12.2014 11:47:36 [0] INFO TER Debut du tick : 206
08.12.2014 11:47:37 [0] INFO TER Fin du tick: 206
08.12.2014 11:47:37 [0] INFO TER Debut du tick : 207
08.12.2014 11:47:37 [0] INFO TER Fin du tick: 207
08.12.2014 11:47:37 [0] INFO TER Debut du tick : 208
08.12.2014 11:47:37 [0] INFO TER Fin du tick: 208
08.12.2014 11:47:37 [0] INFO TER Debut du tick : 209
08.12.2014 11:47:37 [0] INFO TER Fin du tick: 209
08.12.2014 11:47:37 [0] INFO TER Debut du tick : 210
08.12.2014 11:47:37 [0] INFO TER Fin du tick: 210
08.12.2014 11:47:37 [0] INFO TER Debut du tick : 211
08.12.2014 11:47:37 [0] INFO TER Fin du tick: 211
08.12.2014 11:47:37 [0] INFO TER Debut du tick : 212
08.12.2014 11:47:37 [0] INFO TER Fin du tick: 212
08.12.2014 11:47:37 [0] INFO TER Debut du tick : 213
08.12.2014 11:47:37 [0] INFO TER Fin du tick: 213
08.12.2014 11:47:37 [0] INFO TER Debut du tick : 214
08.12.2014 11:47:37 [0] INFO TER Fin du tick: 214
08.12.2014 11:47:37 [0] INFO TER Debut du tick : 215
08.12.2014 11:47:37 [0] INFO TER Fin du tick: 215
08.12.2014 11:47:37 [0] INFO TER Debut du tick : 216
08.12.2014 11:47:37 [0] INFO TER Fin du tick: 216
08.12.2014 11:47:37 [0] INFO TER Debut du tick : 217
08.12.2014 11:47:37 [0] INFO TER Fin du tick: 217
08.12.2014 11:47:37 [0] INFO TER Debut du tick : 218
08.12.2014 11:47:37 [0] INFO TER Fin du tick: 218
08.12.2014 11:47:37 [0] INFO TER Debut du tick : 219
08.12.2014 11:47:37 [0] INFO TER Fin du tick: 219
08.12.2014 11:47:37 [0] INFO TER Debut du tick : 220
08.12.2014 11:47:37 [0] INFO TER Fin du tick: 220
08.12.2014 11:47:37 [0] INFO TER Debut du tick : 221
08.12.2014 11:47:37 [0] INFO TER Fin du tick: 221
08.12.2014 11:47:38 [0] INFO TER Debut du tick : 222
08.12.2014 11:47:38 [0] INFO TER Fin du tick: 222
08.12.2014 11:47:38 [0] INFO TER Debut du tick : 223
08.12.2014 11:47:38 [0] INFO TER Fin du tick: 223
08.12.2014 11:47:38 [0] INFO TER Debut du tick : 224
08.12.2014 11:47:38 [0] INFO TER Fin du tick: 224
08.12.2014 11:47:38 [0] INFO TER Debut du tick : 225
08.12.2014 11:47:38 [0] INFO TER Fin du tick: 225
08.12.2014 11:47:38 [0] INFO TER Debut du tick : 226
08.12.2014 11:47:38 [0] INFO TER Fin du tick: 226
08.12.2014 11:47:38 [0] INFO TER Debut du tick : 227
08.12.2014 11:47:38 [0] INFO TER Fin du tick: 227
08.12.2014 11:47:38 [0] INFO TER Debut du tick : 228
08.12.2014 11:47:38 [0] INFO TER Fin du tick: 228
08.12.2014 11:47:38 [0] INFO TER Debut du tick : 229
08.12.2014 11:47:38 [0] INFO TER Fin du tick: 229
08.12.2014 11:47:38 [0] INFO TER Debut du tick : 230
08.12.2014 11:47:38 [0] INFO TER Fin du tick: 230
08.12.2014 11:47:38 [0] INFO TER Debut du tick : 231
08.12.2014 11:47:38 [0] INFO TER Fin du tick: 231
08.12.2014 11:47:38 [0] INFO TER Debut du tick : 232
08.12.2014 11:47:38 [0] INFO TER Fin du tick: 232
08.12.2014 11:47:38 [0] INFO TER Debut du tick : 233
08.12.2014 11:47:38 [0] INFO TER Fin du tick: 233
08.12.2014 11:47:38 [0] INFO TER Debut du tick : 234
08.12.2014 11:47:38 [0] INFO TER Fin du tick: 234
08.12.2014 11:47:38 [0] INFO TER Debut du tick : 235
08.12.2014 11:47:38 [0] INFO TER Fin du tick: 235
08.12.2014 11:47:38 [0] INFO TER Debut du tick : 236
08.12.2014 11:47:38 [0] INFO TER Fin du tick: 236
08.12.2014 11:47:39 [0] INFO TER Debut du tick : 237
08.12.2014 11:47:39 [0] INFO TER Fin du tick: 237
08.12.2014 11:47:39 [0] INFO TER Debut du tick : 238
08.12.2014 11:47:39 [0] INFO TER Fin du tick: 238
08.12.2014 11:47:39 [0] INFO TER Debut du tick : 239
08.12.2014 11:47:39 [0] INFO TER Fin du tick: 239
08.12.2014 11:47:39 [0] INFO TER Debut du tick : 240
08.12.2014 11:47:39 [0] INFO TER Fin du tick: 240
08.12.2014 11:47:39 [0] INFO TER Debut du tick : 241
08.12.2014 11:47:39 [0] INFO TER Fin du tick: 241
08.12.2014 11:47:39 [0] INFO TER Debut du tick : 242
08.12.2014 11:47:39 [0] INFO TER Fin du tick: 242
08.12.2014 11:47:39 [0] INFO TER Debut du tick : 243
08.12.2014 11:47:39 [0] INFO TER Fin du tick: 243
08.12.2014 11:47:39 [0] INFO TER Debut du tick : 244
08.12.2014 11:47:39 [0] INFO TER Fin du tick: 244
08.12.2014 11:47:39 [0] INFO TER Debut du tick : 245
08.12.2014 11:47:39 [0] INFO TER Fin du tick: 245
08.12.2014 11:47:39 [0] INFO TER Debut du tick : 246
08.12.2014 11:47:39 [0] INFO TER Fin du tick: 246
08.12.2014 11:47:39 [0] INFO TER Debut du tick : 247
08.12.2014 11:47:39 [0] INFO TER Fin du tick: 247
08.12.2014 11:47:39 [0] INFO TER Debut du tick : 248
08.12.2014 11:47:39 [0] INFO TER Fin du tick: 248
08.12.2014 11:47:39 [0] INFO TER Debut du tick : 249
08.12.2014 11:47:39 [0] INFO TER Fin du tick: 249
08.12.2014 11:47:39 [0] INFO TER Debut du tick : 250
08.12.2014 11:47:39 [0] INFO TER Fin du tick: 250
08.12.2014 11:47:39 [0] INFO TER date_time.run = 08.12.2014 11:47:23
08.12.2014 11:47:39 [0] INFO TER dernier.tick.evacuation = 220
08.12.2014 11:47:39 [0] INFO TER evacuation = reussie
08.12.2014 11:47:39 [0] INFO TER grid.buffer = 2
08.12.2014 11:47:39 [0] INFO TER init.time = 0.058941
08.12.2014 11:47:39 [0] INFO TER level.filename = ./data/data0.dat
08.12.2014 11:47:39 [0] INFO TER max.x = 19
08.12.2014 11:47:39 [0] INFO TER max.y = 19
08.12.2014 11:47:39 [0] INFO TER min.x = -20
08.12.2014 11:47:39 [0] INFO TER min.y = -20
08.12.2014 11:47:39 [0] INFO TER nombre.humains = 28
08.12.2014 11:47:39 [0] INFO TER nombre.morts = 0
08.12.2014 11:47:39 [0] INFO TER nombre.sorties = 4
08.12.2014 11:47:39 [0] INFO TER nombre.survivants = 28
08.12.2014 11:47:39 [0] INFO TER proc.per.x = 2
08.12.2014 11:47:39 [0] INFO TER proc.per.y = 2
08.12.2014 11:47:39 [0] INFO TER process.count = 4
08.12.2014 11:47:39 [0] INFO TER random.seed = 1418035643
08.12.2014 11:47:39 [0] INFO TER run.time = 6.52962
08.12.2014 11:47:39 [0] INFO TER simulation.diff_age = 1
08.12.2014 11:47:39 [0] INFO TER stop.at = 250
08.12.2014 11:48:25 [0] INFO TER Debut du tick : 1
08.12.2014 11:48:25 [0] INFO TER Fin du tick: 1
08.12.2014 11:48:25 [0] INFO TER Debut du tick : 2
08.12.2014 11:48:25 [0] INFO TER Fin du tick: 2
08.12.2014 11:48:25 [0] INFO TER Debut du tick : 3
08.12.2014 11:48:25 [0] INFO TER Fin du tick: 3
08.12.2014 11:48:25 [0] INFO TER Debut du tick : 4
08.12.2014 11:48:25 [0] INFO TER Fin du tick: 4
08.12.2014 11:48:25 [0] INFO TER Debut du tick : 5
08.12.2014 11:48:26 [0] INFO TER Fin du tick: 5
08.12.2014 11:48:26 [0] INFO TER Debut du tick : 6
08.12.2014 11:48:26 [0] INFO TER Fin du tick: 6
08.12.2014 11:48:26 [0] INFO TER Debut du tick : 7
08.12.2014 11:48:26 [0] INFO TER Fin du tick: 7
08.12.2014 11:48:26 [0] INFO TER Debut du tick : 8
08.12.2014 11:48:26 [0] INFO TER Fin du tick: 8
08.12.2014 11:48:26 [0] INFO TER Debut du tick : 9
08.12.2014 11:48:26 [0] INFO TER Fin du tick: 9
08.12.2014 11:48:26 [0] INFO TER Debut du tick : 10
08.12.2014 11:48:26 [0] INFO TER Fin du tick: 10
08.12.2014 11:48:26 [0] INFO TER Debut du tick : 11
08.12.2014 11:48:26 [0] INFO TER Fin du tick: 11
08.12.2014 11:48:26 [0] INFO TER Debut du tick : 12
08.12.2014 11:48:26 [0] INFO TER Fin du tick: 12
08.12.2014 11:48:26 [0] INFO TER Debut du tick : 13
08.12.2014 11:48:26 [0] INFO TER Fin du tick: 13
08.12.2014 11:48:26 [0] INFO TER Debut du tick : 14
08.12.2014 11:48:26 [0] INFO TER Fin du tick: 14
08.12.2014 11:48:26 [0] INFO TER Debut du tick : 15
08.12.2014 11:48:26 [0] INFO TER Fin du tick: 15
08.12.2014 11:48:26 [0] INFO TER Debut du tick : 16
08.12.2014 11:48:26 [0] INFO TER Fin du tick: 16
08.12.2014 11:48:26 [0] INFO TER Debut du tick : 17
08.12.2014 11:48:26 [0] INFO TER Fin du tick: 17
08.12.2014 11:48:26 [0] INFO TER Debut du tick : 18
08.12.2014 11:48:26 [0] INFO TER Fin du tick: 18
08.12.2014 11:48:26 [0] INFO TER Debut du tick : 19
08.12.2014 11:48:26 [0] INFO TER Fin du tick: 19
08.12.2014 11:48:26 [0] INFO TER Debut du tick : 20
08.12.2014 11:48:26 [0] INFO TER Fin du tick: 20
08.12.2014 11:48:26 [0] INFO TER Debut du tick : 21
08.12.2014 11:48:27 [0] INFO TER Fin du tick: 21
08.12.2014 11:48:27 [0] INFO TER Debut du tick : 22
08.12.2014 11:48:27 [0] INFO TER Fin du tick: 22
08.12.2014 11:48:27 [0] INFO TER Debut du tick : 23
08.12.2014 11:48:27 [0] INFO TER Fin du tick: 23
08.12.2014 11:48:27 [0] INFO TER Debut du tick : 24
08.12.2014 11:48:27 [0] INFO TER Fin du tick: 24
08.12.2014 11:48:27 [0] INFO TER Debut du tick : 25
08.12.2014 11:48:27 [0] INFO TER Fin du tick: 25
08.12.2014 11:48:27 [0] INFO TER Debut du tick : 26
08.12.2014 11:48:27 [0] INFO TER Fin du tick: 26
08.12.2014 11:48:27 [0] INFO TER Debut du tick : 27
08.12.2014 11:48:27 [0] INFO TER Fin du tick: 27
08.12.2014 11:48:27 [0] INFO TER Debut du tick : 28
08.12.2014 11:48:27 [0] INFO TER Fin du tick: 28
08.12.2014 11:48:27 [0] INFO TER Debut du tick : 29
08.12.2014 11:48:27 [0] INFO TER Fin du tick: 29
08.12.2014 11:48:27 [0] INFO TER Debut du tick : 30
08.12.2014 11:48:27 [0] INFO TER Fin du tick: 30
08.12.2014 11:48:27 [0] INFO TER Debut du tick : 31
08.12.2014 11:48:27 [0] INFO TER Fin du tick: 31
08.12.2014 11:48:27 [0] INFO TER Debut du tick : 32
08.12.2014 11:48:27 [0] INFO TER Fin du tick: 32
08.12.2014 11:48:27 [0] INFO TER Debut du tick : 33
08.12.2014 11:48:27 [0] INFO TER Fin du tick: 33
08.12.2014 11:48:27 [0] INFO TER Debut du tick : 34
08.12.2014 11:48:27 [0] INFO TER Fin du tick: 34
08.12.2014 11:48:27 [0] INFO TER Debut du tick : 35
08.12.2014 11:48:27 [0] INFO TER Fin du tick: 35
08.12.2014 11:48:27 [0] INFO TER Debut du tick : 36
08.12.2014 11:48:27 [0] INFO TER Fin du tick: 36
08.12.2014 11:48:28 [0] INFO TER Debut du tick : 37
08.12.2014 11:48:28 [0] INFO TER Fin du tick: 37
08.12.2014 11:48:28 [0] INFO TER Debut du tick : 38
08.12.2014 11:48:28 [0] INFO TER Fin du tick: 38
08.12.2014 11:48:28 [0] INFO TER Debut du tick : 39
08.12.2014 11:48:28 [0] INFO TER Fin du tick: 39
08.12.2014 11:48:28 [0] INFO TER Debut du tick : 40
08.12.2014 11:48:28 [0] INFO TER Fin du tick: 40
08.12.2014 11:48:28 [0] INFO TER Debut du tick : 41
08.12.2014 11:48:28 [0] INFO TER Fin du tick: 41
08.12.2014 11:48:28 [0] INFO TER Debut du tick : 42
08.12.2014 11:48:28 [0] INFO TER Fin du tick: 42
08.12.2014 11:48:28 [0] INFO TER Debut du tick : 43
08.12.2014 11:48:28 [0] INFO TER Fin du tick: 43
08.12.2014 11:48:28 [0] INFO TER Debut du tick : 44
08.12.2014 11:48:28 [0] INFO TER Fin du tick: 44
08.12.2014 11:48:28 [0] INFO TER Debut du tick : 45
08.12.2014 11:48:28 [0] INFO TER Fin du tick: 45
08.12.2014 11:48:28 [0] INFO TER Debut du tick : 46
08.12.2014 11:48:28 [0] INFO TER Fin du tick: 46
08.12.2014 11:48:28 [0] INFO TER Debut du tick : 47
08.12.2014 11:48:28 [0] INFO TER Fin du tick: 47
08.12.2014 11:48:28 [0] INFO TER Debut du tick : 48
08.12.2014 11:48:28 [0] INFO TER Fin du tick: 48
08.12.2014 11:48:28 [0] INFO TER Debut du tick : 49
08.12.2014 11:48:28 [0] INFO TER Fin du tick: 49
08.12.2014 11:48:28 [0] INFO TER Debut du tick : 50
08.12.2014 11:48:28 [0] INFO TER Fin du tick: 50
08.12.2014 11:48:28 [0] INFO TER Debut du tick : 51
08.12.2014 11:48:28 [0] INFO TER Fin du tick: 51
08.12.2014 11:48:29 [0] INFO TER Debut du tick : 52
08.12.2014 11:48:29 [0] INFO TER Fin du tick: 52
08.12.2014 11:48:29 [0] INFO TER Debut du tick : 53
08.12.2014 11:48:29 [0] INFO TER Fin du tick: 53
08.12.2014 11:48:29 [0] INFO TER Debut du tick : 54
08.12.2014 11:48:29 [0] INFO TER Fin du tick: 54
08.12.2014 11:48:29 [0] INFO TER Debut du tick : 55
08.12.2014 11:48:29 [0] INFO TER Fin du tick: 55
08.12.2014 11:48:29 [0] INFO TER Debut du tick : 56
08.12.2014 11:48:29 [0] INFO TER Fin du tick: 56
08.12.2014 11:48:29 [0] INFO TER Debut du tick : 57
08.12.2014 11:48:29 [0] INFO TER Fin du tick: 57
08.12.2014 11:48:29 [0] INFO TER Debut du tick : 58
08.12.2014 11:48:29 [0] INFO TER Fin du tick: 58
08.12.2014 11:48:29 [0] INFO TER Debut du tick : 59
08.12.2014 11:48:29 [0] INFO TER Fin du tick: 59
08.12.2014 11:48:29 [0] INFO TER Debut du tick : 60
08.12.2014 11:48:29 [0] INFO TER Fin du tick: 60
08.12.2014 11:48:29 [0] INFO TER Debut du tick : 61
08.12.2014 11:48:29 [0] INFO TER Fin du tick: 61
08.12.2014 11:48:29 [0] INFO TER Debut du tick : 62
08.12.2014 11:48:29 [0] INFO TER Fin du tick: 62
08.12.2014 11:48:29 [0] INFO TER Debut du tick : 63
08.12.2014 11:48:29 [0] INFO TER Fin du tick: 63
08.12.2014 11:48:29 [0] INFO TER Debut du tick : 64
08.12.2014 11:48:29 [0] INFO TER Fin du tick: 64
08.12.2014 11:48:29 [0] INFO TER Debut du tick : 65
08.12.2014 11:48:29 [0] INFO TER Fin du tick: 65
08.12.2014 11:48:30 [0] INFO TER Debut du tick : 66
08.12.2014 11:48:30 [0] INFO TER Fin du tick: 66
08.12.2014 11:48:30 [0] INFO TER Debut du tick : 67
08.12.2014 11:48:30 [0] INFO TER Fin du tick: 67
08.12.2014 11:48:30 [0] INFO TER Debut du tick : 68
08.12.2014 11:48:30 [0] INFO TER Fin du tick: 68
08.12.2014 11:48:30 [0] INFO TER Debut du tick : 69
08.12.2014 11:48:30 [0] INFO TER Fin du tick: 69
08.12.2014 11:48:30 [0] INFO TER Debut du tick : 70
08.12.2014 11:48:30 [0] INFO TER Fin du tick: 70
08.12.2014 11:48:30 [0] INFO TER Debut du tick : 71
08.12.2014 11:48:30 [0] INFO TER Fin du tick: 71
08.12.2014 11:48:30 [0] INFO TER Debut du tick : 72
08.12.2014 11:48:30 [0] INFO TER Fin du tick: 72
08.12.2014 11:48:30 [0] INFO TER Debut du tick : 73
08.12.2014 11:48:30 [0] INFO TER Fin du tick: 73
08.12.2014 11:48:30 [0] INFO TER Debut du tick : 74
08.12.2014 11:48:30 [0] INFO TER Fin du tick: 74
08.12.2014 11:48:30 [0] INFO TER Debut du tick : 75
08.12.2014 11:48:30 [0] INFO TER Fin du tick: 75
08.12.2014 11:48:30 [0] INFO TER Debut du tick : 76
08.12.2014 11:48:30 [0] INFO TER Fin du tick: 76
08.12.2014 11:48:30 [0] INFO TER Debut du tick : 77
08.12.2014 11:48:30 [0] INFO TER Fin du tick: 77
08.12.2014 11:48:30 [0] INFO TER Debut du tick : 78
08.12.2014 11:48:30 [0] INFO TER Fin du tick: 78
08.12.2014 11:48:30 [0] INFO TER Debut du tick : 79
08.12.2014 11:48:30 [0] INFO TER Fin du tick: 79
08.12.2014 11:48:31 [0] INFO TER Debut du tick : 80
08.12.2014 11:48:31 [0] INFO TER Fin du tick: 80
08.12.2014 11:48:31 [0] INFO TER Debut du tick : 81
08.12.2014 11:48:31 [0] INFO TER Fin du tick: 81
08.12.2014 11:48:31 [0] INFO TER Debut du tick : 82
08.12.2014 11:48:31 [0] INFO TER Fin du tick: 82
08.12.2014 11:48:31 [0] INFO TER Debut du tick : 83
08.12.2014 11:48:31 [0] INFO TER Fin du tick: 83
08.12.2014 11:48:31 [0] INFO TER Debut du tick : 84
08.12.2014 11:48:31 [0] INFO TER Fin du tick: 84
08.12.2014 11:48:31 [0] INFO TER Debut du tick : 85
08.12.2014 11:48:31 [0] INFO TER Fin du tick: 85
08.12.2014 11:48:31 [0] INFO TER Debut du tick : 86
08.12.2014 11:48:31 [0] INFO TER Fin du tick: 86
08.12.2014 11:48:31 [0] INFO TER Debut du tick : 87
08.12.2014 11:48:31 [0] INFO TER Fin du tick: 87
08.12.2014 11:48:31 [0] INFO TER Debut du tick : 88
08.12.2014 11:48:31 [0] INFO TER Fin du tick: 88
08.12.2014 11:48:31 [0] INFO TER Debut du tick : 89
08.12.2014 11:48:31 [0] INFO TER Fin du tick: 89
08.12.2014 11:48:31 [0] INFO TER Debut du tick : 90
08.12.2014 11:48:31 [0] INFO TER Fin du tick: 90
08.12.2014 11:48:31 [0] INFO TER Debut du tick : 91
08.12.2014 11:48:31 [0] INFO TER Fin du tick: 91
08.12.2014 11:48:31 [0] INFO TER Debut du tick : 92
08.12.2014 11:48:31 [0] INFO TER Fin du tick: 92
08.12.2014 11:48:31 [0] INFO TER Debut du tick : 93
08.12.2014 11:48:31 [0] INFO TER Fin du tick: 93
08.12.2014 11:48:31 [0] INFO TER Debut du tick : 94
08.12.2014 11:48:32 [0] INFO TER Fin du tick: 94
08.12.2014 11:48:32 [0] INFO TER Debut du tick : 95
08.12.2014 11:48:32 [0] INFO TER Fin du tick: 95
08.12.2014 11:48:32 [0] INFO TER Debut du tick : 96
08.12.2014 11:48:32 [0] INFO TER Fin du tick: 96
08.12.2014 11:48:32 [0] INFO TER Debut du tick : 97
08.12.2014 11:48:32 [0] INFO TER Fin du tick: 97
08.12.2014 11:48:32 [0] INFO TER Debut du tick : 98
08.12.2014 11:48:32 [0] INFO TER Fin du tick: 98
08.12.2014 11:48:32 [0] INFO TER Debut du tick : 99
08.12.2014 11:48:32 [0] INFO TER Fin du tick: 99
08.12.2014 11:48:32 [0] INFO TER Debut du tick : 100
08.12.2014 11:48:32 [0] INFO TER Fin du tick: 100
08.12.2014 11:48:32 [0] INFO TER Debut du tick : 101
08.12.2014 11:48:32 [0] INFO TER Fin du tick: 101
08.12.2014 11:48:32 [0] INFO TER Debut du tick : 102
08.12.2014 11:48:32 [0] INFO TER Fin du tick: 102
08.12.2014 11:48:32 [0] INFO TER Debut du tick : 103
08.12.2014 11:48:32 [0] INFO TER Fin du tick: 103
08.12.2014 11:48:32 [0] INFO TER Debut du tick : 104
08.12.2014 11:48:32 [0] INFO TER Fin du tick: 104
08.12.2014 11:48:32 [0] INFO TER Debut du tick : 105
08.12.2014 11:48:32 [0] INFO TER Fin du tick: 105
08.12.2014 11:48:32 [0] INFO TER Debut du tick : 106
08.12.2014 11:48:32 [0] INFO TER Fin du tick: 106
08.12.2014 11:48:32 [0] INFO TER Debut du tick : 107
08.12.2014 11:48:32 [0] INFO TER Fin du tick: 107
08.12.2014 11:48:32 [0] INFO TER Debut du tick : 108
08.12.2014 11:48:32 [0] INFO TER Fin du tick: 108
08.12.2014 11:48:33 [0] INFO TER Debut du tick : 109
08.12.2014 11:48:33 [0] INFO TER Fin du tick: 109
08.12.2014 11:48:33 [0] INFO TER Debut du tick : 110
08.12.2014 11:48:33 [0] INFO TER Fin du tick: 110
08.12.2014 11:48:33 [0] INFO TER Debut du tick : 111
08.12.2014 11:48:33 [0] INFO TER Fin du tick: 111
08.12.2014 11:48:33 [0] INFO TER Debut du tick : 112
08.12.2014 11:48:33 [0] INFO TER Fin du tick: 112
08.12.2014 11:48:33 [0] INFO TER Debut du tick : 113
08.12.2014 11:48:33 [0] INFO TER Fin du tick: 113
08.12.2014 11:48:33 [0] INFO TER Debut du tick : 114
08.12.2014 11:48:33 [0] INFO TER Fin du tick: 114
08.12.2014 11:48:33 [0] INFO TER Debut du tick : 115
08.12.2014 11:48:33 [0] INFO TER Fin du tick: 115
08.12.2014 11:48:33 [0] INFO TER Debut du tick : 116
08.12.2014 11:48:33 [0] INFO TER Fin du tick: 116
08.12.2014 11:48:33 [0] INFO TER Debut du tick : 117
08.12.2014 11:48:33 [0] INFO TER Fin du tick: 117
08.12.2014 11:48:33 [0] INFO TER Debut du tick : 118
08.12.2014 11:48:33 [0] INFO TER Fin du tick: 118
08.12.2014 11:48:33 [0] INFO TER Debut du tick : 119
08.12.2014 11:48:33 [0] INFO TER Fin du tick: 119
08.12.2014 11:48:33 [0] INFO TER Debut du tick : 120
08.12.2014 11:48:33 [0] INFO TER Fin du tick: 120
08.12.2014 11:48:33 [0] INFO TER Debut du tick : 121
08.12.2014 11:48:33 [0] INFO TER Fin du tick: 121
08.12.2014 11:48:33 [0] INFO TER Debut du tick : 122
08.12.2014 11:48:33 [0] INFO TER Fin du tick: 122
08.12.2014 11:48:33 [0] INFO TER Debut du tick : 123
08.12.2014 11:48:34 [0] INFO TER Fin du tick: 123
08.12.2014 11:48:34 [0] INFO TER Debut du tick : 124
08.12.2014 11:48:34 [0] INFO TER Fin du tick: 124
08.12.2014 11:48:34 [0] INFO TER Debut du tick : 125
08.12.2014 11:48:34 [0] INFO TER Fin du tick: 125
08.12.2014 11:48:34 [0] INFO TER Debut du tick : 126
08.12.2014 11:48:34 [0] INFO TER Fin du tick: 126
08.12.2014 11:48:34 [0] INFO TER Debut du tick : 127
08.12.2014 11:48:34 [0] INFO TER Fin du tick: 127
08.12.2014 11:48:34 [0] INFO TER Debut du tick : 128
08.12.2014 11:48:34 [0] INFO TER Fin du tick: 128
08.12.2014 11:48:34 [0] INFO TER Debut du tick : 129
08.12.2014 11:48:34 [0] INFO TER Fin du tick: 129
08.12.2014 11:48:34 [0] INFO TER Debut du tick : 130
08.12.2014 11:48:34 [0] INFO TER Fin du tick: 130
08.12.2014 11:48:34 [0] INFO TER Debut du tick : 131
08.12.2014 11:48:34 [0] INFO TER Fin du tick: 131
08.12.2014 11:48:34 [0] INFO TER Debut du tick : 132
08.12.2014 11:48:34 [0] INFO TER Fin du tick: 132
08.12.2014 11:48:34 [0] INFO TER Debut du tick : 133
08.12.2014 11:48:34 [0] INFO TER Fin du tick: 133
08.12.2014 11:48:34 [0] INFO TER Debut du tick : 134
08.12.2014 11:48:34 [0] INFO TER Fin du tick: 134
08.12.2014 11:48:34 [0] INFO TER Debut du tick : 135
08.12.2014 11:48:34 [0] INFO TER Fin du tick: 135
08.12.2014 11:48:34 [0] INFO TER Debut du tick : 136
08.12.2014 11:48:34 [0] INFO TER Fin du tick: 136
08.12.2014 11:48:34 [0] INFO TER Debut du tick : 137
08.12.2014 11:48:34 [0] INFO TER Fin du tick: 137
08.12.2014 11:48:34 [0] INFO TER Debut du tick : 138
08.12.2014 11:48:34 [0] INFO TER Fin du tick: 138
08.12.2014 11:48:34 [0] INFO TER Debut du tick : 139
08.12.2014 11:48:34 [0] INFO TER Fin du tick: 139
08.12.2014 11:48:35 [0] INFO TER Debut du tick : 140
08.12.2014 11:48:35 [0] INFO TER Fin du tick: 140
08.12.2014 11:48:35 [0] INFO TER Debut du tick : 141
08.12.2014 11:48:35 [0] INFO TER Fin du tick: 141
08.12.2014 11:48:35 [0] INFO TER Debut du tick : 142
08.12.2014 11:48:35 [0] INFO TER Fin du tick: 142
08.12.2014 11:48:35 [0] INFO TER Debut du tick : 143
08.12.2014 11:48:35 [0] INFO TER Fin du tick: 143
08.12.2014 11:48:35 [0] INFO TER Debut du tick : 144
08.12.2014 11:48:35 [0] INFO TER Fin du tick: 144
08.12.2014 11:48:35 [0] INFO TER Debut du tick : 145
08.12.2014 11:48:35 [0] INFO TER Fin du tick: 145
08.12.2014 11:48:35 [0] INFO TER Debut du tick : 146
08.12.2014 11:48:35 [0] INFO TER Fin du tick: 146
08.12.2014 11:48:35 [0] INFO TER Debut du tick : 147
08.12.2014 11:48:35 [0] INFO TER Fin du tick: 147
08.12.2014 11:48:35 [0] INFO TER Debut du tick : 148
08.12.2014 11:48:35 [0] INFO TER Fin du tick: 148
08.12.2014 11:48:35 [0] INFO TER Debut du tick : 149
08.12.2014 11:48:35 [0] INFO TER Fin du tick: 149
08.12.2014 11:48:35 [0] INFO TER Debut du tick : 150
08.12.2014 11:48:35 [0] INFO TER Fin du tick: 150
08.12.2014 11:48:35 [0] INFO TER Debut du tick : 151
08.12.2014 11:48:35 [0] INFO TER Fin du tick: 151
08.12.2014 11:48:35 [0] INFO TER Debut du tick : 152
08.12.2014 11:48:35 [0] INFO TER Fin du tick: 152
08.12.2014 11:48:35 [0] INFO TER Debut du tick : 153
08.12.2014 11:48:35 [0] INFO TER Fin du tick: 153
08.12.2014 11:48:35 [0] INFO TER Debut du tick : 154
08.12.2014 11:48:35 [0] INFO TER Fin du tick: 154
08.12.2014 11:48:35 [0] INFO TER Debut du tick : 155
08.12.2014 11:48:35 [0] INFO TER Fin du tick: 155
08.12.2014 11:48:36 [0] INFO TER Debut du tick : 156
08.12.2014 11:48:36 [0] INFO TER Fin du tick: 156
08.12.2014 11:48:36 [0] INFO TER Debut du tick : 157
08.12.2014 11:48:36 [0] INFO TER Fin du tick: 157
08.12.2014 11:48:36 [0] INFO TER Debut du tick : 158
08.12.2014 11:48:36 [0] INFO TER Fin du tick: 158
08.12.2014 11:48:36 [0] INFO TER Debut du tick : 159
08.12.2014 11:48:36 [0] INFO TER Fin du tick: 159
08.12.2014 11:48:36 [0] INFO TER Debut du tick : 160
08.12.2014 11:48:36 [0] INFO TER Fin du tick: 160
08.12.2014 11:48:36 [0] INFO TER Debut du tick : 161
08.12.2014 11:48:36 [0] INFO TER Fin du tick: 161
08.12.2014 11:48:36 [0] INFO TER Debut du tick : 162
08.12.2014 11:48:36 [0] INFO TER Fin du tick: 162
08.12.2014 11:48:36 [0] INFO TER Debut du tick : 163
08.12.2014 11:48:36 [0] INFO TER Fin du tick: 163
08.12.2014 11:48:36 [0] INFO TER Debut du tick : 164
08.12.2014 11:48:36 [0] INFO TER Fin du tick: 164
08.12.2014 11:48:36 [0] INFO TER Debut du tick : 165
08.12.2014 11:48:36 [0] INFO TER Fin du tick: 165
08.12.2014 11:48:36 [0] INFO TER Debut du tick : 166
08.12.2014 11:48:36 [0] INFO TER Fin du tick: 166
08.12.2014 11:48:36 [0] INFO TER Debut du tick : 167
08.12.2014 11:48:36 [0] INFO TER Fin du tick: 167
08.12.2014 11:48:36 [0] INFO TER Debut du tick : 168
08.12.2014 11:48:36 [0] INFO TER Fin du tick: 168
08.12.2014 11:48:36 [0] INFO TER Debut du tick : 169
08.12.2014 11:48:36 [0] INFO TER Fin du tick: 169
08.12.2014 11:48:36 [0] INFO TER Debut du tick : 170
08.12.2014 11:48:37 [0] INFO TER Fin du tick: 170
08.12.2014 11:48:37 [0] INFO TER Debut du tick : 171
08.12.2014 11:48:37 [0] INFO TER Fin du tick: 171
08.12.2014 11:48:37 [0] INFO TER Debut du tick : 172
08.12.2014 11:48:37 [0] INFO TER Fin du tick: 172
08.12.2014 11:48:37 [0] INFO TER Debut du tick : 173
08.12.2014 11:48:37 [0] INFO TER Fin du tick: 173
08.12.2014 11:48:37 [0] INFO TER Debut du tick : 174
08.12.2014 11:48:37 [0] INFO TER Fin du tick: 174
08.12.2014 11:48:37 [0] INFO TER Debut du tick : 175
08.12.2014 11:48:37 [0] INFO TER Fin du tick: 175
08.12.2014 11:48:37 [0] INFO TER Debut du tick : 176
08.12.2014 11:48:37 [0] INFO TER Fin du tick: 176
08.12.2014 11:48:37 [0] INFO TER Debut du tick : 177
08.12.2014 11:48:37 [0] INFO TER Fin du tick: 177
08.12.2014 11:48:37 [0] INFO TER Debut du tick : 178
08.12.2014 11:48:37 [0] INFO TER Fin du tick: 178
08.12.2014 11:48:37 [0] INFO TER Debut du tick : 179
08.12.2014 11:48:37 [0] INFO TER Fin du tick: 179
08.12.2014 11:48:37 [0] INFO TER Debut du tick : 180
08.12.2014 11:48:37 [0] INFO TER Fin du tick: 180
08.12.2014 11:48:37 [0] INFO TER Debut du tick : 181
08.12.2014 11:48:37 [0] INFO TER Fin du tick: 181
08.12.2014 11:48:37 [0] INFO TER Debut du tick : 182
08.12.2014 11:48:37 [0] INFO TER Fin du tick: 182
08.12.2014 11:48:37 [0] INFO TER Debut du tick : 183
08.12.2014 11:48:37 [0] INFO TER Fin du tick: 183
08.12.2014 11:48:37 [0] INFO TER Debut du tick : 184
08.12.2014 11:48:37 [0] INFO TER Fin du tick: 184
08.12.2014 11:48:37 [0] INFO TER Debut du tick : 185
08.12.2014 11:48:37 [0] INFO TER Fin du tick: 185
08.12.2014 11:48:37 [0] INFO TER Debut du tick : 186
08.12.2014 11:48:37 [0] INFO TER Fin du tick: 186
08.12.2014 11:48:38 [0] INFO TER Debut du tick : 187
08.12.2014 11:48:38 [0] INFO TER Fin du tick: 187
08.12.2014 11:48:38 [0] INFO TER Debut du tick : 188
08.12.2014 11:48:38 [0] INFO TER Fin du tick: 188
08.12.2014 11:48:38 [0] INFO TER Debut du tick : 189
08.12.2014 11:48:38 [0] INFO TER Fin du tick: 189
08.12.2014 11:48:38 [0] INFO TER Debut du tick : 190
08.12.2014 11:48:38 [0] INFO TER Fin du tick: 190
08.12.2014 11:48:38 [0] INFO TER Debut du tick : 191
08.12.2014 11:48:38 [0] INFO TER Fin du tick: 191
08.12.2014 11:48:38 [0] INFO TER Debut du tick : 192
08.12.2014 11:48:38 [0] INFO TER Fin du tick: 192
08.12.2014 11:48:38 [0] INFO TER Debut du tick : 193
08.12.2014 11:48:38 [0] INFO TER Fin du tick: 193
08.12.2014 11:48:38 [0] INFO TER Debut du tick : 194
08.12.2014 11:48:38 [0] INFO TER Fin du tick: 194
08.12.2014 11:48:38 [0] INFO TER Debut du tick : 195
08.12.2014 11:48:38 [0] INFO TER Fin du tick: 195
08.12.2014 11:48:38 [0] INFO TER Debut du tick : 196
08.12.2014 11:48:38 [0] INFO TER Fin du tick: 196
08.12.2014 11:48:38 [0] INFO TER Debut du tick : 197
08.12.2014 11:48:38 [0] INFO TER Fin du tick: 197
08.12.2014 11:48:38 [0] INFO TER Debut du tick : 198
08.12.2014 11:48:38 [0] INFO TER Fin du tick: 198
08.12.2014 11:48:38 [0] INFO TER Debut du tick : 199
08.12.2014 11:48:38 [0] INFO TER Fin du tick: 199
08.12.2014 11:48:38 [0] INFO TER Debut du tick : 200
08.12.2014 11:48:38 [0] INFO TER Fin du tick: 200
08.12.2014 11:48:38 [0] INFO TER Debut du tick : 201
08.12.2014 11:48:38 [0] INFO TER Fin du tick: 201
08.12.2014 11:48:39 [0] INFO TER Debut du tick : 202
08.12.2014 11:48:39 [0] INFO TER Fin du tick: 202
08.12.2014 11:48:39 [0] INFO TER Debut du tick : 203
08.12.2014 11:48:39 [0] INFO TER Fin du tick: 203
08.12.2014 11:48:39 [0] INFO TER Debut du tick : 204
08.12.2014 11:48:39 [0] INFO TER Fin du tick: 204
08.12.2014 11:48:39 [0] INFO TER Debut du tick : 205
08.12.2014 11:48:39 [0] INFO TER Fin du tick: 205
08.12.2014 11:48:39 [0] INFO TER Debut du tick : 206
08.12.2014 11:48:39 [0] INFO TER Fin du tick: 206
08.12.2014 11:48:39 [0] INFO TER Debut du tick : 207
08.12.2014 11:48:39 [0] INFO TER Fin du tick: 207
08.12.2014 11:48:39 [0] INFO TER Debut du tick : 208
08.12.2014 11:48:39 [0] INFO TER Fin du tick: 208
08.12.2014 11:48:39 [0] INFO TER Debut du tick : 209
08.12.2014 11:48:39 [0] INFO TER Fin du tick: 209
08.12.2014 11:48:39 [0] INFO TER Debut du tick : 210
08.12.2014 11:48:39 [0] INFO TER Fin du tick: 210
08.12.2014 11:48:39 [0] INFO TER Debut du tick : 211
08.12.2014 11:48:39 [0] INFO TER Fin du tick: 211
08.12.2014 11:48:39 [0] INFO TER Debut du tick : 212
08.12.2014 11:48:39 [0] INFO TER Fin du tick: 212
08.12.2014 11:48:39 [0] INFO TER Debut du tick : 213
08.12.2014 11:48:39 [0] INFO TER Fin du tick: 213
08.12.2014 11:48:39 [0] INFO TER Debut du tick : 214
08.12.2014 11:48:39 [0] INFO TER Fin du tick: 214
08.12.2014 11:48:39 [0] INFO TER Debut du tick : 215
08.12.2014 11:48:39 [0] INFO TER Fin du tick: 215
08.12.2014 11:48:39 [0] INFO TER Debut du tick : 216
08.12.2014 11:48:39 [0] INFO TER Fin du tick: 216
08.12.2014 11:48:39 [0] INFO TER Debut du tick : 217
08.12.2014 11:48:40 [0] INFO TER Fin du tick: 217
08.12.2014 11:48:40 [0] INFO TER Debut du tick : 218
08.12.2014 11:48:40 [0] INFO TER Fin du tick: 218
08.12.2014 11:48:40 [0] INFO TER Debut du tick : 219
08.12.2014 11:48:40 [0] INFO TER Fin du tick: 219
08.12.2014 11:48:40 [0] INFO TER Debut du tick : 220
08.12.2014 11:48:40 [0] INFO TER Fin du tick: 220
08.12.2014 11:48:40 [0] INFO TER Debut du tick : 221
08.12.2014 11:48:40 [0] INFO TER Fin du tick: 221
08.12.2014 11:48:40 [0] INFO TER Debut du tick : 222
08.12.2014 11:48:40 [0] INFO TER Fin du tick: 222
08.12.2014 11:48:40 [0] INFO TER Debut du tick : 223
08.12.2014 11:48:40 [0] INFO TER Fin du tick: 223
08.12.2014 11:48:40 [0] INFO TER Debut du tick : 224
08.12.2014 11:48:40 [0] INFO TER Fin du tick: 224
08.12.2014 11:48:40 [0] INFO TER Debut du tick : 225
08.12.2014 11:48:40 [0] INFO TER Fin du tick: 225
08.12.2014 11:48:40 [0] INFO TER Debut du tick : 226
08.12.2014 11:48:40 [0] INFO TER Fin du tick: 226
08.12.2014 11:48:40 [0] INFO TER Debut du tick : 227
08.12.2014 11:48:40 [0] INFO TER Fin du tick: 227
08.12.2014 11:48:40 [0] INFO TER Debut du tick : 228
08.12.2014 11:48:40 [0] INFO TER Fin du tick: 228
08.12.2014 11:48:40 [0] INFO TER Debut du tick : 229
08.12.2014 11:48:40 [0] INFO TER Fin du tick: 229
08.12.2014 11:48:40 [0] INFO TER Debut du tick : 230
08.12.2014 11:48:40 [0] INFO TER Fin du tick: 230
08.12.2014 11:48:40 [0] INFO TER Debut du tick : 231
08.12.2014 11:48:40 [0] INFO TER Fin du tick: 231
08.12.2014 11:48:40 [0] INFO TER Debut du tick : 232
08.12.2014 11:48:40 [0] INFO TER Fin du tick: 232
08.12.2014 11:48:41 [0] INFO TER Debut du tick : 233
08.12.2014 11:48:41 [0] INFO TER Fin du tick: 233
08.12.2014 11:48:41 [0] INFO TER Debut du tick : 234
08.12.2014 11:48:41 [0] INFO TER Fin du tick: 234
08.12.2014 11:48:41 [0] INFO TER Debut du tick : 235
08.12.2014 11:48:41 [0] INFO TER Fin du tick: 235
08.12.2014 11:48:41 [0] INFO TER Debut du tick : 236
08.12.2014 11:48:41 [0] INFO TER Fin du tick: 236
08.12.2014 11:48:41 [0] INFO TER Debut du tick : 237
08.12.2014 11:48:41 [0] INFO TER Fin du tick: 237
08.12.2014 11:48:41 [0] INFO TER Debut du tick : 238
08.12.2014 11:48:41 [0] INFO TER Fin du tick: 238
08.12.2014 11:48:41 [0] INFO TER Debut du tick : 239
08.12.2014 11:48:41 [0] INFO TER Fin du tick: 239
08.12.2014 11:48:41 [0] INFO TER Debut du tick : 240
08.12.2014 11:48:41 [0] INFO TER Fin du tick: 240
08.12.2014 11:48:41 [0] INFO TER Debut du tick : 241
08.12.2014 11:48:41 [0] INFO TER Fin du tick: 241
08.12.2014 11:48:41 [0] INFO TER Debut du tick : 242
08.12.2014 11:48:41 [0] INFO TER Fin du tick: 242
08.12.2014 11:48:41 [0] INFO TER Debut du tick : 243
08.12.2014 11:48:41 [0] INFO TER Fin du tick: 243
08.12.2014 11:48:41 [0] INFO TER Debut du tick : 244
08.12.2014 11:48:41 [0] INFO TER Fin du tick: 244
08.12.2014 11:48:41 [0] INFO TER Debut du tick : 245
08.12.2014 11:48:41 [0] INFO TER Fin du tick: 245
08.12.2014 11:48:41 [0] INFO TER Debut du tick : 246
08.12.2014 11:48:41 [0] INFO TER Fin du tick: 246
08.12.2014 11:48:41 [0] INFO TER Debut du tick : 247
08.12.2014 11:48:41 [0] INFO TER Fin du tick: 247
08.12.2014 11:48:42 [0] INFO TER Debut du tick : 248
08.12.2014 11:48:42 [0] INFO TER Fin du tick: 248
08.12.2014 11:48:42 [0] INFO TER Debut du tick : 249
08.12.2014 11:48:42 [0] INFO TER Fin du tick: 249
08.12.2014 11:48:42 [0] INFO TER Debut du tick : 250
08.12.2014 11:48:42 [0] INFO TER Fin du tick: 250
08.12.2014 11:48:42 [0] INFO TER date_time.run = 08.12.2014 11:48:25
08.12.2014 11:48:42 [0] INFO TER dernier.tick.evacuation = evacuation echouee
08.12.2014 11:48:42 [0] INFO TER evacuation = echouee
08.12.2014 11:48:42 [0] INFO TER grid.buffer = 2
08.12.2014 11:48:42 [0] INFO TER init.time = 0.063746
08.12.2014 11:48:42 [0] INFO TER level.filename = ./data/data0.dat
08.12.2014 11:48:42 [0] INFO TER max.x = 19
08.12.2014 11:48:42 [0] INFO TER max.y = 19
08.12.2014 11:48:42 [0] INFO TER min.x = -20
08.12.2014 11:48:42 [0] INFO TER min.y = -20
08.12.2014 11:48:42 [0] INFO TER nombre.humains = 28
08.12.2014 11:48:42 [0] INFO TER nombre.morts = 1
08.12.2014 11:48:42 [0] INFO TER nombre.sorties = 4
08.12.2014 11:48:42 [0] INFO TER nombre.survivants = 27
08.12.2014 11:48:42 [0] INFO TER proc.per.x = 2
08.12.2014 11:48:42 [0] INFO TER proc.per.y = 2
08.12.2014 11:48:42 [0] INFO TER process.count = 4
08.12.2014 11:48:42 [0] INFO TER random.seed = 1418035705
08.12.2014 11:48:42 [0] INFO TER run.time = 6.45671
08.12.2014 11:48:42 [0] INFO TER simulation.diff_age = 1
08.12.2014 11:48:42 [0] INFO TER stop.at = 250
